<?xml version="1.0" encoding="UTF-8"?>
<testsuite name="ak.tutorials.gitprecommit.GitPreCommitApplicationTests" tests="1" skipped="0" failures="0" errors="0" timestamp="2021-09-17T00:25:55" hostname="aks-mac.local" time="0.147">
  <properties/>
  <testcase name="contextLoads()" classname="ak.tutorials.gitprecommit.GitPreCommitApplicationTests" time="0.147"/>
  <system-out><![CDATA[19:25:54.070 [Test worker] DEBUG org.springframework.test.context.BootstrapUtils - Instantiating CacheAwareContextLoaderDelegate from class [org.springframework.test.context.cache.DefaultCacheAwareContextLoaderDelegate]
19:25:54.081 [Test worker] DEBUG org.springframework.test.context.BootstrapUtils - Instantiating BootstrapContext using constructor [public org.springframework.test.context.support.DefaultBootstrapContext(java.lang.Class,org.springframework.test.context.CacheAwareContextLoaderDelegate)]
19:25:54.122 [Test worker] DEBUG org.springframework.test.context.BootstrapUtils - Instantiating TestContextBootstrapper for test class [ak.tutorials.gitprecommit.GitPreCommitApplicationTests] from class [org.springframework.boot.test.context.SpringBootTestContextBootstrapper]
19:25:54.134 [Test worker] INFO org.springframework.boot.test.context.SpringBootTestContextBootstrapper - Neither @ContextConfiguration nor @ContextHierarchy found for test class [ak.tutorials.gitprecommit.GitPreCommitApplicationTests], using SpringBootContextLoader
19:25:54.139 [Test worker] DEBUG org.springframework.test.context.support.AbstractContextLoader - Did not detect default resource location for test class [ak.tutorials.gitprecommit.GitPreCommitApplicationTests]: class path resource [ak/tutorials/gitprecommit/GitPreCommitApplicationTests-context.xml] does not exist
19:25:54.139 [Test worker] DEBUG org.springframework.test.context.support.AbstractContextLoader - Did not detect default resource location for test class [ak.tutorials.gitprecommit.GitPreCommitApplicationTests]: class path resource [ak/tutorials/gitprecommit/GitPreCommitApplicationTestsContext.groovy] does not exist
19:25:54.139 [Test worker] INFO org.springframework.test.context.support.AbstractContextLoader - Could not detect default resource locations for test class [ak.tutorials.gitprecommit.GitPreCommitApplicationTests]: no resource found for suffixes {-context.xml, Context.groovy}.
19:25:54.140 [Test worker] INFO org.springframework.test.context.support.AnnotationConfigContextLoaderUtils - Could not detect default configuration classes for test class [ak.tutorials.gitprecommit.GitPreCommitApplicationTests]: GitPreCommitApplicationTests does not declare any static, non-private, non-final, nested classes annotated with @Configuration.
19:25:54.192 [Test worker] DEBUG org.springframework.test.context.support.ActiveProfilesUtils - Could not find an 'annotation declaring class' for annotation type [org.springframework.test.context.ActiveProfiles] and class [ak.tutorials.gitprecommit.GitPreCommitApplicationTests]
19:25:54.283 [Test worker] DEBUG org.springframework.context.annotation.ClassPathScanningCandidateComponentProvider - Identified candidate component class: file [/Users/animeshkumar/Documents/techs/git_repos/git-pre-commit/build/classes/java/main/ak/tutorials/gitprecommit/GitPreCommitApplication.class]
19:25:54.284 [Test worker] INFO org.springframework.boot.test.context.SpringBootTestContextBootstrapper - Found @SpringBootConfiguration ak.tutorials.gitprecommit.GitPreCommitApplication for test class ak.tutorials.gitprecommit.GitPreCommitApplicationTests
19:25:54.415 [Test worker] DEBUG org.springframework.boot.test.context.SpringBootTestContextBootstrapper - @TestExecutionListeners is not present for class [ak.tutorials.gitprecommit.GitPreCommitApplicationTests]: using defaults.
19:25:54.416 [Test worker] INFO org.springframework.boot.test.context.SpringBootTestContextBootstrapper - Loaded default TestExecutionListener class names from location [META-INF/spring.factories]: [org.springframework.boot.test.autoconfigure.restdocs.RestDocsTestExecutionListener, org.springframework.boot.test.autoconfigure.web.client.MockRestServiceServerResetTestExecutionListener, org.springframework.boot.test.autoconfigure.web.servlet.MockMvcPrintOnlyOnFailureTestExecutionListener, org.springframework.boot.test.autoconfigure.web.servlet.WebDriverTestExecutionListener, org.springframework.boot.test.autoconfigure.webservices.client.MockWebServiceServerTestExecutionListener, org.springframework.boot.test.mock.mockito.MockitoTestExecutionListener, org.springframework.boot.test.mock.mockito.ResetMocksTestExecutionListener, org.springframework.test.context.web.ServletTestExecutionListener, org.springframework.test.context.support.DirtiesContextBeforeModesTestExecutionListener, org.springframework.test.context.event.ApplicationEventsTestExecutionListener, org.springframework.test.context.support.DependencyInjectionTestExecutionListener, org.springframework.test.context.support.DirtiesContextTestExecutionListener, org.springframework.test.context.transaction.TransactionalTestExecutionListener, org.springframework.test.context.jdbc.SqlScriptsTestExecutionListener, org.springframework.test.context.event.EventPublishingTestExecutionListener]
19:25:54.423 [Test worker] DEBUG org.springframework.boot.test.context.SpringBootTestContextBootstrapper - Skipping candidate TestExecutionListener [org.springframework.test.context.web.ServletTestExecutionListener] due to a missing dependency. Specify custom listener classes or make the default listener classes and their required dependencies available. Offending class: [javax/servlet/ServletContext]
19:25:54.424 [Test worker] DEBUG org.springframework.boot.test.context.SpringBootTestContextBootstrapper - Skipping candidate TestExecutionListener [org.springframework.test.context.transaction.TransactionalTestExecutionListener] due to a missing dependency. Specify custom listener classes or make the default listener classes and their required dependencies available. Offending class: [org/springframework/transaction/interceptor/TransactionAttributeSource]
19:25:54.425 [Test worker] DEBUG org.springframework.boot.test.context.SpringBootTestContextBootstrapper - Skipping candidate TestExecutionListener [org.springframework.test.context.jdbc.SqlScriptsTestExecutionListener] due to a missing dependency. Specify custom listener classes or make the default listener classes and their required dependencies available. Offending class: [org/springframework/transaction/interceptor/TransactionAttribute]
19:25:54.425 [Test worker] INFO org.springframework.boot.test.context.SpringBootTestContextBootstrapper - Using TestExecutionListeners: [org.springframework.test.context.support.DirtiesContextBeforeModesTestExecutionListener@1f337cff, org.springframework.test.context.event.ApplicationEventsTestExecutionListener@66f2d00e, org.springframework.boot.test.mock.mockito.MockitoTestExecutionListener@4452ba30, org.springframework.boot.test.autoconfigure.SpringBootDependencyInjectionTestExecutionListener@100b6b93, org.springframework.test.context.support.DirtiesContextTestExecutionListener@145b39e9, org.springframework.test.context.event.EventPublishingTestExecutionListener@64d9f9cc, org.springframework.boot.test.autoconfigure.restdocs.RestDocsTestExecutionListener@358b4c5d, org.springframework.boot.test.autoconfigure.web.client.MockRestServiceServerResetTestExecutionListener@7e97fe8c, org.springframework.boot.test.autoconfigure.web.servlet.MockMvcPrintOnlyOnFailureTestExecutionListener@334e04c6, org.springframework.boot.test.autoconfigure.web.servlet.WebDriverTestExecutionListener@18f29cfa, org.springframework.boot.test.autoconfigure.webservices.client.MockWebServiceServerTestExecutionListener@77f4d21d, org.springframework.boot.test.mock.mockito.ResetMocksTestExecutionListener@36d631f1]
19:25:54.430 [Test worker] DEBUG org.springframework.test.context.support.AbstractDirtiesContextTestExecutionListener - Before test class: context [DefaultTestContext@14007026 testClass = GitPreCommitApplicationTests, testInstance = [null], testMethod = [null], testException = [null], mergedContextConfiguration = [MergedContextConfiguration@10fbd20f testClass = GitPreCommitApplicationTests, locations = '{}', classes = '{class ak.tutorials.gitprecommit.GitPreCommitApplication}', contextInitializerClasses = '[]', activeProfiles = '{}', propertySourceLocations = '{}', propertySourceProperties = '{org.springframework.boot.test.context.SpringBootTestContextBootstrapper=true}', contextCustomizers = set[org.springframework.boot.test.autoconfigure.actuate.metrics.MetricsExportContextCustomizerFactory$DisableMetricExportContextCustomizer@424271c1, org.springframework.boot.test.autoconfigure.properties.PropertyMappingContextCustomizer@0, org.springframework.boot.test.autoconfigure.web.servlet.WebDriverContextCustomizerFactory$Customizer@3f10ef40, org.springframework.boot.test.context.filter.ExcludeFilterContextCustomizer@23305e98, org.springframework.boot.test.json.DuplicateJsonObjectContextCustomizerFactory$DuplicateJsonObjectContextCustomizer@392e3f01, org.springframework.boot.test.mock.mockito.MockitoContextCustomizer@0, org.springframework.boot.test.web.client.TestRestTemplateContextCustomizer@3177c0ba, org.springframework.boot.test.context.SpringBootTestArgs@1, org.springframework.boot.test.context.SpringBootTestWebEnvironment@11855740], contextLoader = 'org.springframework.boot.test.context.SpringBootContextLoader', parent = [null]], attributes = map[[empty]]], class annotated with @DirtiesContext [false] with mode [null].
19:25:54.447 [Test worker] DEBUG org.springframework.test.context.support.DependencyInjectionTestExecutionListener - Performing dependency injection for test context [[DefaultTestContext@14007026 testClass = GitPreCommitApplicationTests, testInstance = ak.tutorials.gitprecommit.GitPreCommitApplicationTests@3fc4fd20, testMethod = [null], testException = [null], mergedContextConfiguration = [MergedContextConfiguration@10fbd20f testClass = GitPreCommitApplicationTests, locations = '{}', classes = '{class ak.tutorials.gitprecommit.GitPreCommitApplication}', contextInitializerClasses = '[]', activeProfiles = '{}', propertySourceLocations = '{}', propertySourceProperties = '{org.springframework.boot.test.context.SpringBootTestContextBootstrapper=true}', contextCustomizers = set[org.springframework.boot.test.autoconfigure.actuate.metrics.MetricsExportContextCustomizerFactory$DisableMetricExportContextCustomizer@424271c1, org.springframework.boot.test.autoconfigure.properties.PropertyMappingContextCustomizer@0, org.springframework.boot.test.autoconfigure.web.servlet.WebDriverContextCustomizerFactory$Customizer@3f10ef40, org.springframework.boot.test.context.filter.ExcludeFilterContextCustomizer@23305e98, org.springframework.boot.test.json.DuplicateJsonObjectContextCustomizerFactory$DuplicateJsonObjectContextCustomizer@392e3f01, org.springframework.boot.test.mock.mockito.MockitoContextCustomizer@0, org.springframework.boot.test.web.client.TestRestTemplateContextCustomizer@3177c0ba, org.springframework.boot.test.context.SpringBootTestArgs@1, org.springframework.boot.test.context.SpringBootTestWebEnvironment@11855740], contextLoader = 'org.springframework.boot.test.context.SpringBootContextLoader', parent = [null]], attributes = map['org.springframework.test.context.event.ApplicationEventsTestExecutionListener.recordApplicationEvents' -> false]]].
19:25:54.474 [Test worker] DEBUG org.springframework.test.context.support.TestPropertySourceUtils - Adding inlined properties to environment: {spring.jmx.enabled=false, org.springframework.boot.test.context.SpringBootTestContextBootstrapper=true}

  .   ____          _            __ _ _
 /\\ / ___'_ __ _ _(_)_ __  __ _ \ \ \ \
( ( )\___ | '_ | '_| | '_ \/ _` | \ \ \ \
 \\/  ___)| |_)| | | | | || (_| |  ) ) ) )
  '  |____| .__|_| |_|_| |_\__, | / / / /
 =========|_|==============|___/=/_/_/_/
 :: Spring Boot ::                (v2.5.4)

2021-09-16 19:25:55.012  INFO 4943 --- [    Test worker] a.t.g.GitPreCommitApplicationTests       : Starting GitPreCommitApplicationTests using Java 1.8.0_271 on aks-mac.local with PID 4943 (started by animeshkumar in /Users/animeshkumar/Documents/techs/git_repos/git-pre-commit)
2021-09-16 19:25:55.016  INFO 4943 --- [    Test worker] a.t.g.GitPreCommitApplicationTests       : No active profile set, falling back to default profiles: default
2021-09-16 19:25:55.842  INFO 4943 --- [    Test worker] a.t.g.GitPreCommitApplicationTests       : Started GitPreCommitApplicationTests in 1.365 seconds (JVM running for 2.789)
]]></system-out>
  <system-err><![CDATA[]]></system-err>
</testsuite>
