<?xml version="1.0" encoding="UTF-8"?>
<testsuite name="ak.tutorials.gitprecommit.GitPreCommitApplicationTests" tests="1" skipped="0" failures="0" errors="0" timestamp="2021-09-17T02:48:18" hostname="aks-mac.local" time="0.145">
  <properties/>
  <testcase name="contextLoads()" classname="ak.tutorials.gitprecommit.GitPreCommitApplicationTests" time="0.145"/>
  <system-out><![CDATA[21:48:16.542 [Test worker] DEBUG org.springframework.test.context.BootstrapUtils - Instantiating CacheAwareContextLoaderDelegate from class [org.springframework.test.context.cache.DefaultCacheAwareContextLoaderDelegate]
21:48:16.550 [Test worker] DEBUG org.springframework.test.context.BootstrapUtils - Instantiating BootstrapContext using constructor [public org.springframework.test.context.support.DefaultBootstrapContext(java.lang.Class,org.springframework.test.context.CacheAwareContextLoaderDelegate)]
21:48:16.595 [Test worker] DEBUG org.springframework.test.context.BootstrapUtils - Instantiating TestContextBootstrapper for test class [ak.tutorials.gitprecommit.GitPreCommitApplicationTests] from class [org.springframework.boot.test.context.SpringBootTestContextBootstrapper]
21:48:16.606 [Test worker] INFO org.springframework.boot.test.context.SpringBootTestContextBootstrapper - Neither @ContextConfiguration nor @ContextHierarchy found for test class [ak.tutorials.gitprecommit.GitPreCommitApplicationTests], using SpringBootContextLoader
21:48:16.610 [Test worker] DEBUG org.springframework.test.context.support.AbstractContextLoader - Did not detect default resource location for test class [ak.tutorials.gitprecommit.GitPreCommitApplicationTests]: class path resource [ak/tutorials/gitprecommit/GitPreCommitApplicationTests-context.xml] does not exist
21:48:16.610 [Test worker] DEBUG org.springframework.test.context.support.AbstractContextLoader - Did not detect default resource location for test class [ak.tutorials.gitprecommit.GitPreCommitApplicationTests]: class path resource [ak/tutorials/gitprecommit/GitPreCommitApplicationTestsContext.groovy] does not exist
21:48:16.610 [Test worker] INFO org.springframework.test.context.support.AbstractContextLoader - Could not detect default resource locations for test class [ak.tutorials.gitprecommit.GitPreCommitApplicationTests]: no resource found for suffixes {-context.xml, Context.groovy}.
21:48:16.611 [Test worker] INFO org.springframework.test.context.support.AnnotationConfigContextLoaderUtils - Could not detect default configuration classes for test class [ak.tutorials.gitprecommit.GitPreCommitApplicationTests]: GitPreCommitApplicationTests does not declare any static, non-private, non-final, nested classes annotated with @Configuration.
21:48:16.664 [Test worker] DEBUG org.springframework.test.context.support.ActiveProfilesUtils - Could not find an 'annotation declaring class' for annotation type [org.springframework.test.context.ActiveProfiles] and class [ak.tutorials.gitprecommit.GitPreCommitApplicationTests]
21:48:16.745 [Test worker] DEBUG org.springframework.context.annotation.ClassPathScanningCandidateComponentProvider - Identified candidate component class: file [/Users/animeshkumar/Documents/techs/git_repos/git-pre-commit/build/classes/java/main/ak/tutorials/gitprecommit/GitPreCommitApplication.class]
21:48:16.746 [Test worker] INFO org.springframework.boot.test.context.SpringBootTestContextBootstrapper - Found @SpringBootConfiguration ak.tutorials.gitprecommit.GitPreCommitApplication for test class ak.tutorials.gitprecommit.GitPreCommitApplicationTests
21:48:16.875 [Test worker] DEBUG org.springframework.boot.test.context.SpringBootTestContextBootstrapper - @TestExecutionListeners is not present for class [ak.tutorials.gitprecommit.GitPreCommitApplicationTests]: using defaults.
21:48:16.876 [Test worker] INFO org.springframework.boot.test.context.SpringBootTestContextBootstrapper - Loaded default TestExecutionListener class names from location [META-INF/spring.factories]: [org.springframework.boot.test.autoconfigure.restdocs.RestDocsTestExecutionListener, org.springframework.boot.test.autoconfigure.web.client.MockRestServiceServerResetTestExecutionListener, org.springframework.boot.test.autoconfigure.web.servlet.MockMvcPrintOnlyOnFailureTestExecutionListener, org.springframework.boot.test.autoconfigure.web.servlet.WebDriverTestExecutionListener, org.springframework.boot.test.autoconfigure.webservices.client.MockWebServiceServerTestExecutionListener, org.springframework.boot.test.mock.mockito.MockitoTestExecutionListener, org.springframework.boot.test.mock.mockito.ResetMocksTestExecutionListener, org.springframework.test.context.web.ServletTestExecutionListener, org.springframework.test.context.support.DirtiesContextBeforeModesTestExecutionListener, org.springframework.test.context.event.ApplicationEventsTestExecutionListener, org.springframework.test.context.support.DependencyInjectionTestExecutionListener, org.springframework.test.context.support.DirtiesContextTestExecutionListener, org.springframework.test.context.transaction.TransactionalTestExecutionListener, org.springframework.test.context.jdbc.SqlScriptsTestExecutionListener, org.springframework.test.context.event.EventPublishingTestExecutionListener]
21:48:16.884 [Test worker] DEBUG org.springframework.boot.test.context.SpringBootTestContextBootstrapper - Skipping candidate TestExecutionListener [org.springframework.test.context.web.ServletTestExecutionListener] due to a missing dependency. Specify custom listener classes or make the default listener classes and their required dependencies available. Offending class: [javax/servlet/ServletContext]
21:48:16.885 [Test worker] DEBUG org.springframework.boot.test.context.SpringBootTestContextBootstrapper - Skipping candidate TestExecutionListener [org.springframework.test.context.transaction.TransactionalTestExecutionListener] due to a missing dependency. Specify custom listener classes or make the default listener classes and their required dependencies available. Offending class: [org/springframework/transaction/TransactionDefinition]
21:48:16.886 [Test worker] DEBUG org.springframework.boot.test.context.SpringBootTestContextBootstrapper - Skipping candidate TestExecutionListener [org.springframework.test.context.jdbc.SqlScriptsTestExecutionListener] due to a missing dependency. Specify custom listener classes or make the default listener classes and their required dependencies available. Offending class: [org/springframework/transaction/interceptor/TransactionAttribute]
21:48:16.886 [Test worker] INFO org.springframework.boot.test.context.SpringBootTestContextBootstrapper - Using TestExecutionListeners: [org.springframework.test.context.support.DirtiesContextBeforeModesTestExecutionListener@3ce4fb96, org.springframework.test.context.event.ApplicationEventsTestExecutionListener@45e98f2e, org.springframework.boot.test.mock.mockito.MockitoTestExecutionListener@3175b245, org.springframework.boot.test.autoconfigure.SpringBootDependencyInjectionTestExecutionListener@7c49b200, org.springframework.test.context.support.DirtiesContextTestExecutionListener@67eade54, org.springframework.test.context.event.EventPublishingTestExecutionListener@6ef3bd78, org.springframework.boot.test.autoconfigure.restdocs.RestDocsTestExecutionListener@7288dd79, org.springframework.boot.test.autoconfigure.web.client.MockRestServiceServerResetTestExecutionListener@43e0b89a, org.springframework.boot.test.autoconfigure.web.servlet.MockMvcPrintOnlyOnFailureTestExecutionListener@72c9c6cc, org.springframework.boot.test.autoconfigure.web.servlet.WebDriverTestExecutionListener@1a2bd90, org.springframework.boot.test.autoconfigure.webservices.client.MockWebServiceServerTestExecutionListener@35f5dbc8, org.springframework.boot.test.mock.mockito.ResetMocksTestExecutionListener@73178184]
21:48:16.890 [Test worker] DEBUG org.springframework.test.context.support.AbstractDirtiesContextTestExecutionListener - Before test class: context [DefaultTestContext@10e5a0ab testClass = GitPreCommitApplicationTests, testInstance = [null], testMethod = [null], testException = [null], mergedContextConfiguration = [MergedContextConfiguration@685acccf testClass = GitPreCommitApplicationTests, locations = '{}', classes = '{class ak.tutorials.gitprecommit.GitPreCommitApplication}', contextInitializerClasses = '[]', activeProfiles = '{}', propertySourceLocations = '{}', propertySourceProperties = '{org.springframework.boot.test.context.SpringBootTestContextBootstrapper=true}', contextCustomizers = set[org.springframework.boot.test.autoconfigure.actuate.metrics.MetricsExportContextCustomizerFactory$DisableMetricExportContextCustomizer@6f9a5ceb, org.springframework.boot.test.autoconfigure.properties.PropertyMappingContextCustomizer@0, org.springframework.boot.test.autoconfigure.web.servlet.WebDriverContextCustomizerFactory$Customizer@61338c4b, org.springframework.boot.test.context.filter.ExcludeFilterContextCustomizer@3380a36e, org.springframework.boot.test.json.DuplicateJsonObjectContextCustomizerFactory$DuplicateJsonObjectContextCustomizer@678554e6, org.springframework.boot.test.mock.mockito.MockitoContextCustomizer@0, org.springframework.boot.test.web.client.TestRestTemplateContextCustomizer@247724b9, org.springframework.boot.test.context.SpringBootTestArgs@1, org.springframework.boot.test.context.SpringBootTestWebEnvironment@45ea6b12], contextLoader = 'org.springframework.boot.test.context.SpringBootContextLoader', parent = [null]], attributes = map[[empty]]], class annotated with @DirtiesContext [false] with mode [null].
21:48:16.907 [Test worker] DEBUG org.springframework.test.context.support.DependencyInjectionTestExecutionListener - Performing dependency injection for test context [[DefaultTestContext@10e5a0ab testClass = GitPreCommitApplicationTests, testInstance = ak.tutorials.gitprecommit.GitPreCommitApplicationTests@4abc4003, testMethod = [null], testException = [null], mergedContextConfiguration = [MergedContextConfiguration@685acccf testClass = GitPreCommitApplicationTests, locations = '{}', classes = '{class ak.tutorials.gitprecommit.GitPreCommitApplication}', contextInitializerClasses = '[]', activeProfiles = '{}', propertySourceLocations = '{}', propertySourceProperties = '{org.springframework.boot.test.context.SpringBootTestContextBootstrapper=true}', contextCustomizers = set[org.springframework.boot.test.autoconfigure.actuate.metrics.MetricsExportContextCustomizerFactory$DisableMetricExportContextCustomizer@6f9a5ceb, org.springframework.boot.test.autoconfigure.properties.PropertyMappingContextCustomizer@0, org.springframework.boot.test.autoconfigure.web.servlet.WebDriverContextCustomizerFactory$Customizer@61338c4b, org.springframework.boot.test.context.filter.ExcludeFilterContextCustomizer@3380a36e, org.springframework.boot.test.json.DuplicateJsonObjectContextCustomizerFactory$DuplicateJsonObjectContextCustomizer@678554e6, org.springframework.boot.test.mock.mockito.MockitoContextCustomizer@0, org.springframework.boot.test.web.client.TestRestTemplateContextCustomizer@247724b9, org.springframework.boot.test.context.SpringBootTestArgs@1, org.springframework.boot.test.context.SpringBootTestWebEnvironment@45ea6b12], contextLoader = 'org.springframework.boot.test.context.SpringBootContextLoader', parent = [null]], attributes = map['org.springframework.test.context.event.ApplicationEventsTestExecutionListener.recordApplicationEvents' -> false]]].
21:48:16.931 [Test worker] DEBUG org.springframework.test.context.support.TestPropertySourceUtils - Adding inlined properties to environment: {spring.jmx.enabled=false, org.springframework.boot.test.context.SpringBootTestContextBootstrapper=true}

  .   ____          _            __ _ _
 /\\ / ___'_ __ _ _(_)_ __  __ _ \ \ \ \
( ( )\___ | '_ | '_| | '_ \/ _` | \ \ \ \
 \\/  ___)| |_)| | | | | || (_| |  ) ) ) )
  '  |____| .__|_| |_|_| |_\__, | / / / /
 =========|_|==============|___/=/_/_/_/
 :: Spring Boot ::                (v2.5.4)

2021-09-16 21:48:17.226  INFO 7641 --- [    Test worker] a.t.g.GitPreCommitApplicationTests       : Starting GitPreCommitApplicationTests using Java 1.8.0_271 on aks-mac.local with PID 7641 (started by animeshkumar in /Users/animeshkumar/Documents/techs/git_repos/git-pre-commit)
2021-09-16 21:48:17.233  INFO 7641 --- [    Test worker] a.t.g.GitPreCommitApplicationTests       : No active profile set, falling back to default profiles: default
2021-09-16 21:48:18.037  INFO 7641 --- [    Test worker] a.t.g.GitPreCommitApplicationTests       : Started GitPreCommitApplicationTests in 1.103 seconds (JVM running for 2.44)
]]></system-out>
  <system-err><![CDATA[]]></system-err>
</testsuite>
